INFO:tmuxp.server:session rlundotesting exists. killed it.
INFO:rlundo.termrewrite:read data: '>'
INFO:rlundo.termrewrite:full output stack: ['>', '']
INFO:rlundo.termrewrite:read from stdin: '1 + 1'
INFO:rlundo.termrewrite:read data: '1 + 1'
INFO:rlundo.termrewrite:read from stdin: '\r'
INFO:rlundo.termrewrite:read data: '\r\n'
INFO:rlundo.termrewrite:read from stdin: 'usually 2'
INFO:rlundo.termrewrite:read data: 'usually 2'
INFO:rlundo.termrewrite:read from stdin: '\r'
INFO:rlundo.termrewrite:read data: '\r\n'
INFO:rlundo.termrewrite:read from stdin: '>'
INFO:rlundo.termrewrite:read data: '>'
INFO:rlundo.termrewrite:full output stack: ['>', '1 + 1\r\nusually 2\r\n>', '']
INFO:rlundo.termrewrite:read from stdin: '2 + 2'
INFO:rlundo.termrewrite:read data: '2 + 2'
INFO:rlundo.termrewrite:read from stdin: '\r'
INFO:rlundo.termrewrite:read data: '\r\n'
INFO:rlundo.termrewrite:read from stdin: 'notquite 4'
INFO:rlundo.termrewrite:read data: 'notquite 4'
INFO:rlundo.termrewrite:read from stdin: '\r'
INFO:rlundo.termrewrite:read data: '\r\n'
INFO:rlundo.termrewrite:read from stdin: '>'
INFO:rlundo.termrewrite:read data: '>'
INFO:rlundo.termrewrite:full output stack: ['>', '1 + 1\r\nusually 2\r\n>', '2 + 2\r\nnotquite 4\r\n>', '']
INFO:rlundo.termrewrite:read from stdin: '3'
INFO:rlundo.termrewrite:read data: '3'
INFO:rlundo.termrewrite:read from stdin: '\r'
INFO:rlundo.termrewrite:read data: '\r\n'
INFO:rlundo.termrewrite:read from stdin: '3'
INFO:rlundo.termrewrite:read data: '3'
INFO:rlundo.termrewrite:read from stdin: '\r'
INFO:rlundo.termrewrite:read data: '\r\n'
INFO:rlundo.termrewrite:read from stdin: '>'
INFO:rlundo.termrewrite:read data: '>'
INFO:rlundo.termrewrite:full output stack: ['>', '1 + 1\r\nusually 2\r\n>', '2 + 2\r\nnotquite 4\r\n>', '3\r\n3\r\n>', '']
INFO:rlundo.termrewrite:read from stdin: '\r'
INFO:rlundo.termrewrite:read data: '\r\n'
INFO:rlundo.termrewrite:lines to rewind: '\r\n3\r\n3\r\n>'
INFO:rlundo.termrewrite:numer of lines to rewind 3
INFO:rlundo.termrewrite:read from stdin: '>'
INFO:rlundo.termrewrite:read data: '>'
INFO:tmuxp.server:session rlundotesting exists. killed it.
INFO:rlundo.termrewrite:read data: '>'
INFO:rlundo.termrewrite:full output stack: ['>', '']
INFO:rlundo.termrewrite:read from stdin: '1 + 1'
INFO:rlundo.termrewrite:read data: '1 + 1'
INFO:rlundo.termrewrite:read from stdin: '\r'
INFO:rlundo.termrewrite:read data: '\r\n'
INFO:rlundo.termrewrite:read from stdin: 'usually 2'
INFO:rlundo.termrewrite:read data: 'usually 2'
INFO:rlundo.termrewrite:read from stdin: '\r'
INFO:rlundo.termrewrite:read data: '\r\n'
INFO:rlundo.termrewrite:read from stdin: '>'
INFO:rlundo.termrewrite:read data: '>'
INFO:rlundo.termrewrite:full output stack: ['>', '1 + 1\r\nusually 2\r\n>', '']
INFO:rlundo.termrewrite:read from stdin: '2 + 2'
INFO:rlundo.termrewrite:read data: '2 + 2'
INFO:rlundo.termrewrite:read from stdin: '\r'
INFO:rlundo.termrewrite:read data: '\r\n'
INFO:rlundo.termrewrite:read from stdin: 'notquite 4'
INFO:rlundo.termrewrite:read data: 'notquite 4'
INFO:rlundo.termrewrite:read from stdin: '\r'
INFO:rlundo.termrewrite:read data: '\r\n'
INFO:rlundo.termrewrite:read from stdin: '>'
INFO:rlundo.termrewrite:read data: '>'
INFO:rlundo.termrewrite:full output stack: ['>', '1 + 1\r\nusually 2\r\n>', '2 + 2\r\nnotquite 4\r\n>', '']
INFO:rlundo.termrewrite:read from stdin: '3'
INFO:rlundo.termrewrite:read data: '3'
INFO:rlundo.termrewrite:read from stdin: '\r'
INFO:rlundo.termrewrite:read data: '\r\n'
INFO:rlundo.termrewrite:read from stdin: '3'
INFO:rlundo.termrewrite:read data: '3'
INFO:rlundo.termrewrite:read from stdin: '\r'
INFO:rlundo.termrewrite:read data: '\r\n'
INFO:rlundo.termrewrite:read from stdin: '>'
INFO:rlundo.termrewrite:read data: '>'
INFO:rlundo.termrewrite:full output stack: ['>', '1 + 1\r\nusually 2\r\n>', '2 + 2\r\nnotquite 4\r\n>', '3\r\n3\r\n>', '']
INFO:rlundo.termrewrite:read from stdin: '\r'
INFO:rlundo.termrewrite:read data: '\r\n'
INFO:tmuxp.server:session rlundotesting exists. killed it.
INFO:rlundo.termrewrite:read data: '>'
INFO:rlundo.termrewrite:full output stack: ['>', '']
INFO:rlundo.termrewrite:read from stdin: '1 + 1'
INFO:rlundo.termrewrite:read data: '1 + 1'
INFO:rlundo.termrewrite:read from stdin: '\r'
INFO:rlundo.termrewrite:read data: '\r\n'
INFO:rlundo.termrewrite:read from stdin: 'usually 2'
INFO:rlundo.termrewrite:read data: 'usually 2'
INFO:rlundo.termrewrite:read from stdin: '\r'
INFO:rlundo.termrewrite:read data: '\r\n'
INFO:rlundo.termrewrite:read from stdin: '>'
INFO:rlundo.termrewrite:read data: '>'
INFO:rlundo.termrewrite:full output stack: ['>', '1 + 1\r\nusually 2\r\n>', '']
INFO:rlundo.termrewrite:read from stdin: '2 + 2'
INFO:rlundo.termrewrite:read data: '2 + 2'
INFO:rlundo.termrewrite:read from stdin: '\r'
INFO:rlundo.termrewrite:read data: '\r\n'
INFO:rlundo.termrewrite:read from stdin: 'notquite 4'
INFO:rlundo.termrewrite:read data: 'notquite 4'
INFO:rlundo.termrewrite:read from stdin: '\r'
INFO:rlundo.termrewrite:read data: '\r\n'
INFO:rlundo.termrewrite:read from stdin: '>'
INFO:rlundo.termrewrite:read data: '>'
INFO:rlundo.termrewrite:full output stack: ['>', '1 + 1\r\nusually 2\r\n>', '2 + 2\r\nnotquite 4\r\n>', '']
INFO:rlundo.termrewrite:read from stdin: '3'
INFO:rlundo.termrewrite:read data: '3'
INFO:rlundo.termrewrite:read from stdin: '\r'
INFO:rlundo.termrewrite:read data: '\r\n'
INFO:rlundo.termrewrite:read from stdin: '3'
INFO:rlundo.termrewrite:read data: '3'
INFO:rlundo.termrewrite:read from stdin: '\r'
INFO:rlundo.termrewrite:read data: '\r\n'
INFO:rlundo.termrewrite:read from stdin: '>'
INFO:rlundo.termrewrite:read data: '>'
INFO:rlundo.termrewrite:full output stack: ['>', '1 + 1\r\nusually 2\r\n>', '2 + 2\r\nnotquite 4\r\n>', '3\r\n3\r\n>', '']
INFO:rlundo.termrewrite:read from stdin: '\r'
INFO:rlundo.termrewrite:read data: '\r\n'
INFO:rlundo.termrewrite:read from stdin: ''
INFO:tmuxp.server:session rlundotesting exists. killed it.
INFO:rlundo.termrewrite:read data: '>'
INFO:rlundo.termrewrite:full output stack: ['>', '']
INFO:rlundo.termrewrite:read from stdin: '1 + 1'
INFO:rlundo.termrewrite:read data: '1 + 1'
INFO:rlundo.termrewrite:read from stdin: '\r'
INFO:rlundo.termrewrite:read data: '\r\n'
INFO:rlundo.termrewrite:read from stdin: 'usually 2'
INFO:rlundo.termrewrite:read data: 'usually 2'
INFO:rlundo.termrewrite:read from stdin: '\r'
INFO:rlundo.termrewrite:read data: '\r\n'
INFO:rlundo.termrewrite:read from stdin: '>'
INFO:rlundo.termrewrite:read data: '>'
INFO:rlundo.termrewrite:full output stack: ['>', '1 + 1\r\nusually 2\r\n>', '']
INFO:rlundo.termrewrite:read from stdin: '2 + 2'
INFO:rlundo.termrewrite:read data: '2 + 2'
INFO:rlundo.termrewrite:read from stdin: '\r'
INFO:rlundo.termrewrite:read data: '\r\n'
INFO:rlundo.termrewrite:read from stdin: 'notquite 4'
INFO:rlundo.termrewrite:read data: 'notquite 4'
INFO:rlundo.termrewrite:read from stdin: '\r'
INFO:rlundo.termrewrite:read data: '\r\n'
INFO:rlundo.termrewrite:read from stdin: '>'
INFO:rlundo.termrewrite:read data: '>'
INFO:rlundo.termrewrite:full output stack: ['>', '1 + 1\r\nusually 2\r\n>', '2 + 2\r\nnotquite 4\r\n>', '']
INFO:rlundo.termrewrite:read from stdin: '3'
INFO:rlundo.termrewrite:read data: '3'
INFO:rlundo.termrewrite:read from stdin: '\r'
INFO:rlundo.termrewrite:read data: '\r\n'
INFO:rlundo.termrewrite:read from stdin: '3'
INFO:rlundo.termrewrite:read data: '3'
INFO:rlundo.termrewrite:read from stdin: '\r'
INFO:rlundo.termrewrite:read data: '\r\n'
INFO:rlundo.termrewrite:read from stdin: '>'
INFO:rlundo.termrewrite:read data: '>'
INFO:rlundo.termrewrite:full output stack: ['>', '1 + 1\r\nusually 2\r\n>', '2 + 2\r\nnotquite 4\r\n>', '3\r\n3\r\n>', '']
INFO:rlundo.termrewrite:read from stdin: '\r'
INFO:rlundo.termrewrite:read data: '\r\n'
INFO:rlundo.termrewrite:lines to rewind: '\r\n3\r\n3\r\n>'
INFO:rlundo.termrewrite:numer of lines to rewind 3
INFO:rlundo.termrewrite:read from stdin: '>'
INFO:rlundo.termrewrite:read data: '>'
INFO:tmuxp.server:session rlundotesting exists. killed it.
INFO:tmuxp.server:session rlundotesting exists. killed it.
INFO:rlundo.termrewrite:read data: '>'
INFO:rlundo.termrewrite:full output stack: ['>', '']
INFO:rlundo.termrewrite:read from stdin: 'hi there!'
INFO:rlundo.termrewrite:read data: 'hi there!'
INFO:rlundo.termrewrite:read from stdin: '\r'
INFO:rlundo.termrewrite:read data: '\r\n'
INFO:rlundo.termrewrite:read data: '>'
INFO:rlundo.termrewrite:full output stack: ['>', 'hi there!\r\n>', '']
INFO:rlundo.termrewrite:read from stdin: 'hello!'
INFO:rlundo.termrewrite:read data: 'hello!'
INFO:rlundo.termrewrite:read from stdin: '\r'
INFO:rlundo.termrewrite:read data: '\r\n>'
INFO:rlundo.termrewrite:read from stdin: 'hi again!'
INFO:rlundo.termrewrite:read data: 'hi again!'
INFO:rlundo.termrewrite:read from stdin: '\r'
INFO:rlundo.termrewrite:read data: '\r\n'
INFO:rlundo.termrewrite:read data: '>'
INFO:rlundo.termrewrite:read from stdin: 'hey!'
INFO:rlundo.termrewrite:read data: 'hey!'
INFO:rlundo.termrewrite:read from stdin: '\r'
INFO:rlundo.termrewrite:read data: '\r\n'
INFO:rlundo.termrewrite:read data: '>'
INFO:rlundo.termrewrite:full output stack: ['>', 'hi there!\r\n>', 'hello!\r\n>hi again!\r\n>hey!\r\n>', '']
INFO:rlundo.termrewrite:lines to rewind: 'hello!\r\n>hi again!\r\n>hey!\r\n>'
INFO:rlundo.termrewrite:numer of lines to rewind 3
INFO:rlundo.termrewrite:read from stdin: '>'
INFO:rlundo.termrewrite:read data: '>'
INFO:rlundo.termrewrite:read from stdin: ''
INFO:tmuxp.server:session rlundotesting exists. killed it.
INFO:rlundo.termrewrite:read data: '>'
INFO:tmuxp.server:session rlundotesting exists. killed it.
INFO:rlundo.termrewrite:read data: '>'
INFO:rlundo.termrewrite:full output stack: ['>', '']
INFO:rlundo.termrewrite:read from stdin: 'hello!'
INFO:rlundo.termrewrite:read data: 'hello!'
INFO:rlundo.termrewrite:read from stdin: '\r'
INFO:rlundo.termrewrite:read data: '\r\n'
INFO:rlundo.termrewrite:read data: '>'
INFO:rlundo.termrewrite:full output stack: ['>', 'hello!\r\n>', '']
INFO:rlundo.termrewrite:read from stdin: 'hi again!'
INFO:rlundo.termrewrite:read data: 'hi again!'
INFO:rlundo.termrewrite:read from stdin: '\r'
INFO:rlundo.termrewrite:read data: '\r\n'
INFO:rlundo.termrewrite:read data: '>'
INFO:rlundo.termrewrite:full output stack: ['>', 'hello!\r\n>', 'hi again!\r\n>', '']
INFO:rlundo.termrewrite:lines to rewind: 'hi again!\r\n>'
INFO:rlundo.termrewrite:numer of lines to rewind 1
INFO:rlundo.termrewrite:read from stdin: '>'
INFO:rlundo.termrewrite:read data: '>'
INFO:tmuxp.server:session rlundotesting exists. killed it.
INFO:rlundo.termrewrite:read data: '>'
INFO:rlundo.termrewrite:full output stack: ['>', '']
INFO:rlundo.termrewrite:read from stdin: 'hello!'
INFO:rlundo.termrewrite:read data: 'hello!'
INFO:rlundo.termrewrite:read from stdin: '\r'
INFO:rlundo.termrewrite:read data: '\r\n'
INFO:rlundo.termrewrite:read data: '>'
INFO:rlundo.termrewrite:full output stack: ['>', 'hello!\r\n>', '']
INFO:rlundo.termrewrite:read from stdin: 'hi again!'
INFO:rlundo.termrewrite:read data: 'hi again!'
INFO:rlundo.termrewrite:read from stdin: '\r'
INFO:rlundo.termrewrite:read data: '\r\n'
INFO:rlundo.termrewrite:read data: '>'
INFO:rlundo.termrewrite:full output stack: ['>', 'hello!\r\n>', 'hi again!\r\n>', '']
INFO:rlundo.termrewrite:lines to rewind: 'hi again!\r\n>'
INFO:rlundo.termrewrite:numer of lines to rewind 1
INFO:rlundo.termrewrite:read from stdin: '>'
INFO:rlundo.termrewrite:read data: '>'
INFO:rlundo.termrewrite:read from stdin: ''
INFO:tmuxp.server:session rlundotesting exists. killed it.
INFO:rlundo.termrewrite:read data: '>'
INFO:rlundo.termrewrite:full output stack: ['>', '']
INFO:rlundo.termrewrite:read from stdin: 'hello!'
INFO:rlundo.termrewrite:read data: 'hello!'
INFO:rlundo.termrewrite:read from stdin: '\r'
INFO:rlundo.termrewrite:read data: '\r\n'
INFO:rlundo.termrewrite:read data: '>'
INFO:rlundo.termrewrite:lines to rewind: 'hello!\r\n>>'
INFO:rlundo.termrewrite:numer of lines to rewind 1
INFO:rlundo.termrewrite:read from stdin: '>'
INFO:rlundo.termrewrite:read data: '>'
INFO:rlundo.termrewrite:read from stdin: ''
INFO:tmuxp.server:session rlundotesting exists. killed it.
INFO:rlundo.termrewrite:read data: '>'
INFO:rlundo.termrewrite:full output stack: ['>', '']
INFO:rlundo.termrewrite:read from stdin: '1'
INFO:rlundo.termrewrite:read data: '1'
INFO:rlundo.termrewrite:read from stdin: '\r'
INFO:rlundo.termrewrite:read data: '\r\n'
INFO:rlundo.termrewrite:read from stdin: '>'
INFO:rlundo.termrewrite:read data: '>'
INFO:rlundo.termrewrite:full output stack: ['>', '1\r\n>', '']
INFO:rlundo.termrewrite:read from stdin: 'x'
INFO:rlundo.termrewrite:read data: 'x'
INFO:rlundo.termrewrite:read from stdin: '\r'
INFO:rlundo.termrewrite:read data: '\r\n'
INFO:rlundo.termrewrite:read from stdin: 'abcde'
INFO:rlundo.termrewrite:read data: 'abcde'
INFO:rlundo.termrewrite:read from stdin: '\r'
INFO:rlundo.termrewrite:read data: '\r\n'
INFO:rlundo.termrewrite:read from stdin: '>'
INFO:rlundo.termrewrite:read data: '>'
INFO:rlundo.termrewrite:full output stack: ['>', '1\r\n>', 'x\r\nabcde\r\n>', '']
INFO:rlundo.termrewrite:read from stdin: '\r'
INFO:rlundo.termrewrite:read data: '\r\n'
INFO:rlundo.termrewrite:read from stdin: 'uc1'
INFO:rlundo.termrewrite:read data: 'uc1'
INFO:rlundo.termrewrite:read from stdin: '\r'
INFO:rlundo.termrewrite:read data: '\r\n'
INFO:rlundo.termrewrite:read data: '\x1bM\x1bM\x08\x08\x08\x08\x08\x08\x08\x08\x08\x08\x08\x08\x08\x08\x08\x08\x08\x08\x08\x08\x1b[C\x1b[J'
INFO:rlundo.termrewrite:read from stdin: ''
INFO:tmuxp.server:session rlundotesting exists. killed it.
INFO:rlundo.termrewrite:read data: '>'
INFO:rlundo.termrewrite:full output stack: ['>', '']
INFO:rlundo.termrewrite:read from stdin: 'a'
INFO:rlundo.termrewrite:read data: 'a'
INFO:rlundo.termrewrite:read from stdin: '\r'
INFO:rlundo.termrewrite:read data: '\r\n'
INFO:rlundo.termrewrite:read from stdin: 'b'
INFO:rlundo.termrewrite:read data: 'b'
INFO:rlundo.termrewrite:read from stdin: '\r'
INFO:rlundo.termrewrite:read data: '\r\n'
INFO:rlundo.termrewrite:read from stdin: 'c'
INFO:rlundo.termrewrite:read data: 'c'
INFO:rlundo.termrewrite:read from stdin: '\r'
INFO:rlundo.termrewrite:read data: '\r\n'
INFO:rlundo.termrewrite:read from stdin: '>'
INFO:rlundo.termrewrite:read data: '>'
INFO:rlundo.termrewrite:full output stack: ['>', 'a\r\nb\r\nc\r\n>', '']
INFO:rlundo.termrewrite:read from stdin: 'd'
INFO:rlundo.termrewrite:read data: 'd'
INFO:rlundo.termrewrite:read from stdin: '\r'
INFO:rlundo.termrewrite:read data: '\r\n'
INFO:rlundo.termrewrite:read from stdin: 'e'
INFO:rlundo.termrewrite:read data: 'e'
INFO:rlundo.termrewrite:read from stdin: '\r'
INFO:rlundo.termrewrite:read data: '\r\n'
INFO:rlundo.termrewrite:read from stdin: '>'
INFO:rlundo.termrewrite:read data: '>'
INFO:rlundo.termrewrite:full output stack: ['>', 'a\r\nb\r\nc\r\n>', 'd\r\ne\r\n>', '']
INFO:rlundo.termrewrite:read from stdin: '\r'
INFO:rlundo.termrewrite:read data: '\r\n'
INFO:rlundo.termrewrite:read from stdin: '\r'
INFO:rlundo.termrewrite:read data: '\r\n'
INFO:rlundo.termrewrite:read from stdin: 'up2'
INFO:rlundo.termrewrite:read data: 'up2'
INFO:rlundo.termrewrite:read from stdin: '\r'
INFO:rlundo.termrewrite:read data: '\r\n\x1bM\x1bM'
INFO:rlundo.termrewrite:read from stdin: 'uc1'
INFO:rlundo.termrewrite:read data: 'uc1'
INFO:rlundo.termrewrite:read from stdin: '\r'
INFO:rlundo.termrewrite:read data: '\r\n\x1bM\x1bM\x08\x08\x08\x08\x08\x08\x08\x08\x08\x08\x08\x08\x08\x08\x08\x08\x08\x08\x08\x08\x1b[C\x1b[J'
INFO:tmuxp.server:session rlundotesting exists. killed it.
INFO:rlundo.termrewrite:read data: '>'
INFO:rlundo.termrewrite:full output stack: ['>', '']
INFO:rlundo.termrewrite:read from stdin: '1'
INFO:rlundo.termrewrite:read data: '1'
INFO:rlundo.termrewrite:read from stdin: '\r'
INFO:rlundo.termrewrite:read data: '\r\n'
INFO:rlundo.termrewrite:read from stdin: '>'
INFO:rlundo.termrewrite:read data: '>'
INFO:rlundo.termrewrite:full output stack: ['>', '1\r\n>', '']
INFO:rlundo.termrewrite:read from stdin: 'stuff'
INFO:rlundo.termrewrite:read data: 'stuff'
INFO:rlundo.termrewrite:read from stdin: '\r'
INFO:rlundo.termrewrite:read data: '\r\n'
INFO:rlundo.termrewrite:read from stdin: 'abcdefghijklmnopq'
INFO:rlundo.termrewrite:read data: 'abcdefghijklmnopq'
INFO:rlundo.termrewrite:read from stdin: '\r'
INFO:rlundo.termrewrite:read data: '\r\n'
INFO:rlundo.termrewrite:read from stdin: '>'
INFO:rlundo.termrewrite:read data: '>'
INFO:rlundo.termrewrite:full output stack: ['>', '1\r\n>', 'stuff\r\nabcdefghijklmnopq\r\n>', '']
INFO:rlundo.termrewrite:read from stdin: ''
INFO:tmuxp.server:session rlundotesting exists. killed it.
INFO:rlundo.termrewrite:read data: '>'
INFO:rlundo.termrewrite:full output stack: ['>', '']
INFO:rlundo.termrewrite:read from stdin: '1 + 1'
INFO:rlundo.termrewrite:read data: '1 + 1'
INFO:rlundo.termrewrite:read from stdin: '\r'
INFO:rlundo.termrewrite:read data: '\r\n'
INFO:rlundo.termrewrite:read from stdin: '2'
INFO:rlundo.termrewrite:read data: '2'
INFO:rlundo.termrewrite:read from stdin: '\r'
INFO:rlundo.termrewrite:read data: '\r\n'
INFO:rlundo.termrewrite:read from stdin: '>'
INFO:rlundo.termrewrite:read data: '>'
INFO:rlundo.termrewrite:full output stack: ['>', '1 + 1\r\n2\r\n>', '']
INFO:rlundo.termrewrite:read from stdin: 'undo'
INFO:rlundo.termrewrite:read data: 'undo'
INFO:rlundo.termrewrite:read from stdin: '\r'
INFO:rlundo.termrewrite:read data: '\r\n'
INFO:rlundo.termrewrite:lines to rewind: 'undo\r\n1 + 1\r\n2\r\n>'
INFO:rlundo.termrewrite:numer of lines to rewind 3
INFO:rlundo.termrewrite:read from stdin: '>'
INFO:rlundo.termrewrite:read data: '>'
INFO:rlundo.termrewrite:read from stdin: ''
INFO:tmuxp.server:session rlundotesting exists. killed it.
INFO:rlundo.termrewrite:read data: '>'
INFO:rlundo.termrewrite:full output stack: ['>', '']
INFO:rlundo.termrewrite:read from stdin: '10.to.11'
INFO:rlundo.termrewrite:read data: '10.to.11'
INFO:rlundo.termrewrite:read from stdin: '\r'
INFO:rlundo.termrewrite:read data: '\r\n'
INFO:rlundo.termrewrite:read from stdin: '10'
INFO:rlundo.termrewrite:read data: '10'
INFO:rlundo.termrewrite:read from stdin: '\r'
INFO:rlundo.termrewrite:read data: '\r\n'
INFO:rlundo.termrewrite:read from stdin: '12'
INFO:rlundo.termrewrite:read data: '12'
INFO:rlundo.termrewrite:read from stdin: '\r'
INFO:rlundo.termrewrite:read data: '\r\n'
INFO:rlundo.termrewrite:read from stdin: '13'
INFO:rlundo.termrewrite:read data: '13'
INFO:rlundo.termrewrite:read from stdin: '\r'
INFO:rlundo.termrewrite:read data: '\r\n'
INFO:rlundo.termrewrite:read from stdin: '>'
INFO:rlundo.termrewrite:read data: '>'
INFO:rlundo.termrewrite:full output stack: ['>', '10.to.11\r\n10\r\n12\r\n13\r\n>', '']
INFO:rlundo.termrewrite:read from stdin: '1.to.1'
INFO:rlundo.termrewrite:read data: '1.to.1'
INFO:rlundo.termrewrite:read from stdin: '\r'
INFO:rlundo.termrewrite:read data: '\r\n'
INFO:rlundo.termrewrite:read from stdin: '1'
INFO:rlundo.termrewrite:read data: '1'
INFO:rlundo.termrewrite:read from stdin: '\r'
INFO:rlundo.termrewrite:read data: '\r\n'
INFO:rlundo.termrewrite:read from stdin: '2'
INFO:rlundo.termrewrite:read data: '2'
INFO:rlundo.termrewrite:read from stdin: '\r'
INFO:rlundo.termrewrite:read data: '\r\n'
INFO:rlundo.termrewrite:read from stdin: '3'
INFO:rlundo.termrewrite:read data: '3'
INFO:rlundo.termrewrite:read from stdin: '\r'
INFO:rlundo.termrewrite:read data: '\r\n'
INFO:rlundo.termrewrite:read from stdin: '4'
INFO:rlundo.termrewrite:read data: '4'
INFO:rlundo.termrewrite:read from stdin: '\r'
INFO:rlundo.termrewrite:read data: '\r\n'
INFO:rlundo.termrewrite:read from stdin: '5'
INFO:rlundo.termrewrite:read data: '5'
INFO:rlundo.termrewrite:read from stdin: '\r'
INFO:rlundo.termrewrite:read data: '\r\n'
INFO:rlundo.termrewrite:read from stdin: '6'
INFO:rlundo.termrewrite:read data: '6'
INFO:rlundo.termrewrite:read from stdin: '\r'
INFO:rlundo.termrewrite:read data: '\r\n'
INFO:rlundo.termrewrite:read from stdin: '>'
INFO:rlundo.termrewrite:read data: '>'
INFO:rlundo.termrewrite:full output stack: ['>', '10.to.11\r\n10\r\n12\r\n13\r\n>', '1.to.1\r\n1\r\n2\r\n3\r\n4\r\n5\r\n6\r\n>', '']
INFO:rlundo.termrewrite:read from stdin: 'undo'
INFO:rlundo.termrewrite:read data: 'undo'
INFO:rlundo.termrewrite:read from stdin: '\r'
INFO:rlundo.termrewrite:read data: '\r\n'
INFO:rlundo.termrewrite:lines to rewind: 'undo\r\n1.to.1\r\n1\r\n2\r\n3\r\n4\r\n5\r\n6\r\n>'
INFO:rlundo.termrewrite:numer of lines to rewind 8
INFO:rlundo.termrewrite:read from stdin: '>'
INFO:rlundo.termrewrite:read data: '>'
INFO:tmuxp.server:session rlundotesting exists. killed it.
INFO:rlundo.termrewrite:read data: '>'
INFO:rlundo.termrewrite:full output stack: ['>', '']
INFO:rlundo.termrewrite:read from stdin: '1'
INFO:rlundo.termrewrite:read data: '1'
INFO:rlundo.termrewrite:read from stdin: '\r'
INFO:rlundo.termrewrite:read data: '\r\n'
INFO:rlundo.termrewrite:read from stdin: '>'
INFO:rlundo.termrewrite:read data: '>'
INFO:rlundo.termrewrite:full output stack: ['>', '1\r\n>', '']
INFO:rlundo.termrewrite:read from stdin: 'stuff'
INFO:rlundo.termrewrite:read data: 'stuff'
INFO:rlundo.termrewrite:read from stdin: '\r'
INFO:rlundo.termrewrite:read data: '\r\n'
INFO:rlundo.termrewrite:read from stdin: 'abcdefghijk'
INFO:rlundo.termrewrite:read data: 'abcdefghijk'
INFO:rlundo.termrewrite:read from stdin: '\r'
INFO:rlundo.termrewrite:read data: '\r\n'
INFO:rlundo.termrewrite:read from stdin: '>'
INFO:rlundo.termrewrite:read data: '>'
INFO:rlundo.termrewrite:full output stack: ['>', '1\r\n>', 'stuff\r\nabcdefghijk\r\n>', '']
INFO:rlundo.termrewrite:read from stdin: '\r'
INFO:rlundo.termrewrite:read data: '\r\n'
INFO:rlundo.termrewrite:lines to rewind: '\r\nstuff\r\nabcdefghijk\r\n>'
INFO:rlundo.termrewrite:numer of lines to rewind 4
INFO:rlundo.termrewrite:read from stdin: '>'
INFO:rlundo.termrewrite:read data: '>'
INFO:rlundo.termrewrite:read from stdin: ''
INFO:tmuxp.server:session rlundotesting exists. killed it.
INFO:rlundo.termrewrite:read data: '>'
INFO:rlundo.termrewrite:full output stack: ['>', '']
INFO:rlundo.termrewrite:read from stdin: '1'
INFO:rlundo.termrewrite:read data: '1'
INFO:rlundo.termrewrite:read from stdin: '\r'
INFO:rlundo.termrewrite:read data: '\r\n'
INFO:rlundo.termrewrite:read from stdin: '>'
INFO:rlundo.termrewrite:read data: '>'
INFO:rlundo.termrewrite:full output stack: ['>', '1\r\n>', '']
INFO:rlundo.termrewrite:read from stdin: 'stuff'
INFO:rlundo.termrewrite:read data: 'stuff'
INFO:rlundo.termrewrite:read from stdin: '\r'
INFO:rlundo.termrewrite:read data: '\r\n'
INFO:rlundo.termrewrite:read from stdin: 'abcdefghijklmnopq'
INFO:rlundo.termrewrite:read data: 'abcdefghijklmnopq'
INFO:rlundo.termrewrite:read from stdin: '\r'
INFO:rlundo.termrewrite:read data: '\r\n'
INFO:rlundo.termrewrite:read from stdin: '>'
INFO:rlundo.termrewrite:read data: '>'
INFO:rlundo.termrewrite:full output stack: ['>', '1\r\n>', 'stuff\r\nabcdefghijklmnopq\r\n>', '']
INFO:rlundo.termrewrite:lines to rewind: 'stuff\r\nabcdefghijklmnopq\r\n>'
INFO:rlundo.termrewrite:numer of lines to rewind 4
INFO:rlundo.termrewrite:read from stdin: '>'
INFO:rlundo.termrewrite:read data: '>'
INFO:tmuxp.server:session rlundotesting exists. killed it.
INFO:rlundo.termrewrite:read data: '>'
INFO:rlundo.termrewrite:full output stack: ['>', '']
INFO:rlundo.termrewrite:read from stdin: 'a'
INFO:rlundo.termrewrite:read data: 'a'
INFO:rlundo.termrewrite:read from stdin: '\r'
INFO:rlundo.termrewrite:read data: '\r\n'
INFO:rlundo.termrewrite:read from stdin: 'b'
INFO:rlundo.termrewrite:read data: 'b'
INFO:rlundo.termrewrite:read from stdin: '\r'
INFO:rlundo.termrewrite:read data: '\r\n'
INFO:rlundo.termrewrite:read from stdin: 'c'
INFO:rlundo.termrewrite:read data: 'c'
INFO:rlundo.termrewrite:read from stdin: '\r'
INFO:rlundo.termrewrite:read data: '\r\n'
INFO:rlundo.termrewrite:read from stdin: '>'
INFO:rlundo.termrewrite:read data: '>'
INFO:rlundo.termrewrite:full output stack: ['>', 'a\r\nb\r\nc\r\n>', '']
INFO:rlundo.termrewrite:read from stdin: 'd'
INFO:rlundo.termrewrite:read data: 'd'
INFO:rlundo.termrewrite:read from stdin: '\r'
INFO:rlundo.termrewrite:read data: '\r\n'
INFO:rlundo.termrewrite:read from stdin: 'e'
INFO:rlundo.termrewrite:read data: 'e'
INFO:rlundo.termrewrite:read from stdin: '\r'
INFO:rlundo.termrewrite:read data: '\r\n'
INFO:rlundo.termrewrite:read from stdin: '>'
INFO:rlundo.termrewrite:read data: '>'
INFO:rlundo.termrewrite:full output stack: ['>', 'a\r\nb\r\nc\r\n>', 'd\r\ne\r\n>', '']
INFO:rlundo.termrewrite:read from stdin: '\r'
INFO:rlundo.termrewrite:read data: '\r\n'
INFO:rlundo.termrewrite:read from stdin: '\r'
INFO:rlundo.termrewrite:read data: '\r\n'
INFO:rlundo.termrewrite:read from stdin: 'up2'
INFO:rlundo.termrewrite:read data: 'up2'
INFO:rlundo.termrewrite:read from stdin: '\r'
INFO:rlundo.termrewrite:read data: '\r\n'
INFO:rlundo.termrewrite:read data: '\x1bM\x1bM'
INFO:rlundo.termrewrite:read from stdin: 'uc1'
INFO:rlundo.termrewrite:read data: 'uc1'
INFO:rlundo.termrewrite:read from stdin: '\r'
INFO:rlundo.termrewrite:read data: '\r\n\x1bM\x1bM\x08\x08\x08\x08\x08\x08\x08\x08\x08\x08\x08\x08\x08\x08\x08\x08\x08\x08\x08\x08\x1b[C\x1b[J'
INFO:rlundo.termrewrite:read from stdin: ''
INFO:tmuxp.server:session rlundotesting exists. killed it.
INFO:tmuxp.server:session rlundotesting exists. killed it.
INFO:tmuxp.server:session rlundotesting exists. killed it.
INFO:tmuxp.server:session rlundotesting exists. killed it.
INFO:tmuxp.server:session rlundotesting exists. killed it.
INFO:tmuxp.server:session rlundotesting exists. killed it.
INFO:tmuxp.server:session rlundotesting exists. killed it.
INFO:tmuxp.server:session rlundotesting exists. killed it.
INFO:tmuxp.server:session rlundotesting exists. killed it.
INFO:tmuxp.server:session rlundotesting exists. killed it.
INFO:tmuxp.server:session rlundotesting exists. killed it.
INFO:tmuxp.server:session rlundotesting exists. killed it.
INFO:tmuxp.server:session rlundotesting exists. killed it.
INFO:tmuxp.server:session rlundotesting exists. killed it.
INFO:rlundo.termrewrite:read data: '>'
INFO:rlundo.termrewrite:full output stack: ['>', '']
INFO:rlundo.termrewrite:read from stdin: '1 + 1'
INFO:rlundo.termrewrite:read data: '1 + 1'
INFO:rlundo.termrewrite:read from stdin: '\r'
INFO:rlundo.termrewrite:read data: '\r\n'
INFO:rlundo.termrewrite:read from stdin: 'usually 2'
INFO:rlundo.termrewrite:read data: 'usually 2'
INFO:rlundo.termrewrite:read from stdin: '\r'
INFO:rlundo.termrewrite:read data: '\r\n'
INFO:rlundo.termrewrite:read from stdin: '>'
INFO:rlundo.termrewrite:read data: '>'
INFO:rlundo.termrewrite:full output stack: ['>', '1 + 1\r\nusually 2\r\n>', '']
INFO:rlundo.termrewrite:read from stdin: '2 + 2'
INFO:rlundo.termrewrite:read data: '2 + 2'
INFO:rlundo.termrewrite:read from stdin: '\r'
INFO:rlundo.termrewrite:read data: '\r\n'
INFO:rlundo.termrewrite:read from stdin: 'notquite 4'
INFO:rlundo.termrewrite:read data: 'notquite 4'
INFO:rlundo.termrewrite:read from stdin: '\r'
INFO:rlundo.termrewrite:read data: '\r\n'
INFO:rlundo.termrewrite:read from stdin: '>'
INFO:rlundo.termrewrite:read data: '>'
INFO:rlundo.termrewrite:full output stack: ['>', '1 + 1\r\nusually 2\r\n>', '2 + 2\r\nnotquite 4\r\n>', '']
INFO:rlundo.termrewrite:read from stdin: '3'
INFO:rlundo.termrewrite:read data: '3'
INFO:rlundo.termrewrite:read from stdin: '\r'
INFO:rlundo.termrewrite:read data: '\r\n'
INFO:rlundo.termrewrite:read from stdin: '3'
INFO:rlundo.termrewrite:read data: '3'
INFO:rlundo.termrewrite:read from stdin: '\r'
INFO:rlundo.termrewrite:read data: '\r\n'
INFO:rlundo.termrewrite:read from stdin: '>'
INFO:rlundo.termrewrite:read data: '>'
INFO:rlundo.termrewrite:full output stack: ['>', '1 + 1\r\nusually 2\r\n>', '2 + 2\r\nnotquite 4\r\n>', '3\r\n3\r\n>', '']
INFO:rlundo.termrewrite:read from stdin: '\r'
INFO:rlundo.termrewrite:read data: '\r\n'
INFO:rlundo.termrewrite:lines to rewind: '\r\n3\r\n3\r\n>'
INFO:rlundo.termrewrite:numer of lines to rewind 3
INFO:rlundo.termrewrite:read from stdin: '>'
INFO:rlundo.termrewrite:read data: '>'
INFO:rlundo.termrewrite:read from stdin: ''
INFO:tmuxp.server:session rlundotesting exists. killed it.
INFO:rlundo.termrewrite:read data: '>'
INFO:rlundo.termrewrite:full output stack: ['>', '']
INFO:rlundo.termrewrite:read from stdin: '1 + 1'
INFO:rlundo.termrewrite:read data: '1 + 1'
INFO:rlundo.termrewrite:read from stdin: '\r'
INFO:rlundo.termrewrite:read data: '\r\n'
INFO:rlundo.termrewrite:read from stdin: 'usually 2'
INFO:rlundo.termrewrite:read data: 'usually 2'
INFO:rlundo.termrewrite:read from stdin: '\r'
INFO:rlundo.termrewrite:read data: '\r\n'
INFO:rlundo.termrewrite:read from stdin: '>'
INFO:rlundo.termrewrite:read data: '>'
INFO:rlundo.termrewrite:full output stack: ['>', '1 + 1\r\nusually 2\r\n>', '']
INFO:rlundo.termrewrite:read from stdin: '2 + 2'
INFO:rlundo.termrewrite:read data: '2 + 2'
INFO:rlundo.termrewrite:read from stdin: '\r'
INFO:rlundo.termrewrite:read data: '\r\n'
INFO:rlundo.termrewrite:read from stdin: 'notquite 4'
INFO:rlundo.termrewrite:read data: 'notquite 4'
INFO:rlundo.termrewrite:read from stdin: '\r'
INFO:rlundo.termrewrite:read data: '\r\n'
INFO:rlundo.termrewrite:read from stdin: '>'
INFO:rlundo.termrewrite:read data: '>'
INFO:rlundo.termrewrite:full output stack: ['>', '1 + 1\r\nusually 2\r\n>', '2 + 2\r\nnotquite 4\r\n>', '']
INFO:rlundo.termrewrite:read from stdin: '3'
INFO:rlundo.termrewrite:read data: '3'
INFO:rlundo.termrewrite:read from stdin: '\r'
INFO:rlundo.termrewrite:read data: '\r\n'
INFO:rlundo.termrewrite:read from stdin: '3'
INFO:rlundo.termrewrite:read data: '3'
INFO:rlundo.termrewrite:read from stdin: '\r'
INFO:rlundo.termrewrite:read data: '\r\n'
INFO:rlundo.termrewrite:read from stdin: '>'
INFO:rlundo.termrewrite:read data: '>'
INFO:rlundo.termrewrite:full output stack: ['>', '1 + 1\r\nusually 2\r\n>', '2 + 2\r\nnotquite 4\r\n>', '3\r\n3\r\n>', '']
INFO:rlundo.termrewrite:read from stdin: '\r'
INFO:rlundo.termrewrite:read data: '\r\n'
INFO:tmuxp.server:session rlundotesting exists. killed it.
INFO:rlundo.termrewrite:read data: '>'
INFO:rlundo.termrewrite:full output stack: ['>', '']
INFO:rlundo.termrewrite:read from stdin: '1 + 1'
INFO:rlundo.termrewrite:read data: '1 + 1'
INFO:rlundo.termrewrite:read from stdin: '\r'
INFO:rlundo.termrewrite:read data: '\r\n'
INFO:rlundo.termrewrite:read from stdin: 'usually 2'
INFO:rlundo.termrewrite:read data: 'usually 2'
INFO:rlundo.termrewrite:read from stdin: '\r'
INFO:rlundo.termrewrite:read data: '\r\n'
INFO:rlundo.termrewrite:read from stdin: '>'
INFO:rlundo.termrewrite:read data: '>'
INFO:rlundo.termrewrite:full output stack: ['>', '1 + 1\r\nusually 2\r\n>', '']
INFO:rlundo.termrewrite:read from stdin: '2 + 2'
INFO:rlundo.termrewrite:read data: '2 + 2'
INFO:rlundo.termrewrite:read from stdin: '\r'
INFO:rlundo.termrewrite:read data: '\r\n'
INFO:rlundo.termrewrite:read from stdin: 'notquite 4'
INFO:rlundo.termrewrite:read data: 'notquite 4'
INFO:rlundo.termrewrite:read from stdin: '\r'
INFO:rlundo.termrewrite:read data: '\r\n'
INFO:rlundo.termrewrite:read from stdin: '>'
INFO:rlundo.termrewrite:read data: '>'
INFO:rlundo.termrewrite:full output stack: ['>', '1 + 1\r\nusually 2\r\n>', '2 + 2\r\nnotquite 4\r\n>', '']
INFO:rlundo.termrewrite:read from stdin: '3'
INFO:rlundo.termrewrite:read data: '3'
INFO:rlundo.termrewrite:read from stdin: '\r'
INFO:rlundo.termrewrite:read data: '\r\n'
INFO:rlundo.termrewrite:read from stdin: '3'
INFO:rlundo.termrewrite:read data: '3'
INFO:rlundo.termrewrite:read from stdin: '\r'
INFO:rlundo.termrewrite:read data: '\r\n'
INFO:rlundo.termrewrite:read from stdin: '>'
INFO:rlundo.termrewrite:read data: '>'
INFO:rlundo.termrewrite:full output stack: ['>', '1 + 1\r\nusually 2\r\n>', '2 + 2\r\nnotquite 4\r\n>', '3\r\n3\r\n>', '']
INFO:rlundo.termrewrite:read from stdin: '\r'
INFO:rlundo.termrewrite:read data: '\r\n'
INFO:rlundo.termrewrite:read from stdin: ''
INFO:tmuxp.server:session rlundotesting exists. killed it.
INFO:rlundo.termrewrite:read data: '>'
INFO:rlundo.termrewrite:full output stack: ['>', '']
INFO:rlundo.termrewrite:read from stdin: '1 + 1'
INFO:rlundo.termrewrite:read data: '1 + 1'
INFO:rlundo.termrewrite:read from stdin: '\r'
INFO:rlundo.termrewrite:read data: '\r\n'
INFO:rlundo.termrewrite:read from stdin: 'usually 2'
INFO:rlundo.termrewrite:read data: 'usually 2'
INFO:rlundo.termrewrite:read from stdin: '\r'
INFO:rlundo.termrewrite:read data: '\r\n'
INFO:rlundo.termrewrite:read from stdin: '>'
INFO:rlundo.termrewrite:read data: '>'
INFO:rlundo.termrewrite:full output stack: ['>', '1 + 1\r\nusually 2\r\n>', '']
INFO:rlundo.termrewrite:read from stdin: '2 + 2'
INFO:rlundo.termrewrite:read data: '2 + 2'
INFO:rlundo.termrewrite:read from stdin: '\r'
INFO:rlundo.termrewrite:read data: '\r\n'
INFO:rlundo.termrewrite:read from stdin: 'notquite 4'
INFO:rlundo.termrewrite:read data: 'notquite 4'
INFO:rlundo.termrewrite:read from stdin: '\r'
INFO:rlundo.termrewrite:read data: '\r\n'
INFO:rlundo.termrewrite:read from stdin: '>'
INFO:rlundo.termrewrite:read data: '>'
INFO:rlundo.termrewrite:full output stack: ['>', '1 + 1\r\nusually 2\r\n>', '2 + 2\r\nnotquite 4\r\n>', '']
INFO:rlundo.termrewrite:read from stdin: '3'
INFO:rlundo.termrewrite:read data: '3'
INFO:rlundo.termrewrite:read from stdin: '\r'
INFO:rlundo.termrewrite:read data: '\r\n'
INFO:rlundo.termrewrite:read from stdin: '3'
INFO:rlundo.termrewrite:read data: '3'
INFO:rlundo.termrewrite:read from stdin: '\r'
INFO:rlundo.termrewrite:read data: '\r\n'
INFO:rlundo.termrewrite:read from stdin: '>'
INFO:rlundo.termrewrite:read data: '>'
INFO:rlundo.termrewrite:full output stack: ['>', '1 + 1\r\nusually 2\r\n>', '2 + 2\r\nnotquite 4\r\n>', '3\r\n3\r\n>', '']
INFO:rlundo.termrewrite:read from stdin: '\r'
INFO:rlundo.termrewrite:read data: '\r\n'
INFO:rlundo.termrewrite:lines to rewind: '\r\n3\r\n3\r\n>'
INFO:rlundo.termrewrite:numer of lines to rewind 3
INFO:rlundo.termrewrite:read from stdin: '>'
INFO:rlundo.termrewrite:read data: '>'
INFO:rlundo.termrewrite:read from stdin: ''
INFO:tmuxp.server:session rlundotesting exists. killed it.
INFO:tmuxp.server:session rlundotesting exists. killed it.
INFO:rlundo.termrewrite:read data: '>'
INFO:rlundo.termrewrite:full output stack: ['>', '']
INFO:rlundo.termrewrite:read from stdin: 'hi there!'
INFO:rlundo.termrewrite:read data: 'hi there!'
INFO:rlundo.termrewrite:read from stdin: '\r'
INFO:rlundo.termrewrite:read data: '\r\n'
INFO:rlundo.termrewrite:read data: '>'
INFO:rlundo.termrewrite:full output stack: ['>', 'hi there!\r\n>', '']
INFO:rlundo.termrewrite:read from stdin: 'hello!'
INFO:rlundo.termrewrite:read data: 'hello!'
INFO:rlundo.termrewrite:read from stdin: '\r'
INFO:rlundo.termrewrite:read data: '\r\n'
INFO:rlundo.termrewrite:read data: '>'
INFO:rlundo.termrewrite:read from stdin: 'hi again!'
INFO:rlundo.termrewrite:read data: 'hi again!'
INFO:rlundo.termrewrite:read from stdin: '\r'
INFO:rlundo.termrewrite:read data: '\r\n>'
INFO:rlundo.termrewrite:read from stdin: 'hey!'
INFO:rlundo.termrewrite:read data: 'hey!'
INFO:rlundo.termrewrite:read from stdin: '\r'
INFO:rlundo.termrewrite:read data: '\r\n>'
INFO:rlundo.termrewrite:full output stack: ['>', 'hi there!\r\n>', 'hello!\r\n>hi again!\r\n>hey!\r\n>', '']
INFO:rlundo.termrewrite:lines to rewind: 'hello!\r\n>hi again!\r\n>hey!\r\n>'
INFO:rlundo.termrewrite:numer of lines to rewind 3
INFO:rlundo.termrewrite:read from stdin: '>'
INFO:rlundo.termrewrite:read data: '>'
INFO:rlundo.termrewrite:read from stdin: ''
INFO:tmuxp.server:session rlundotesting exists. killed it.
INFO:rlundo.termrewrite:read data: '>'
INFO:tmuxp.server:session rlundotesting exists. killed it.
INFO:rlundo.termrewrite:read data: '>'
INFO:rlundo.termrewrite:full output stack: ['>', '']
INFO:rlundo.termrewrite:read from stdin: 'hello!'
INFO:rlundo.termrewrite:read data: 'hello!'
INFO:rlundo.termrewrite:read from stdin: '\r'
INFO:rlundo.termrewrite:read data: '\r\n>'
INFO:rlundo.termrewrite:full output stack: ['>', 'hello!\r\n>', '']
INFO:rlundo.termrewrite:read from stdin: 'hi again!'
INFO:rlundo.termrewrite:read data: 'hi again!'
INFO:rlundo.termrewrite:read from stdin: '\r'
INFO:rlundo.termrewrite:read data: '\r\n>'
INFO:rlundo.termrewrite:full output stack: ['>', 'hello!\r\n>', 'hi again!\r\n>', '']
INFO:rlundo.termrewrite:lines to rewind: 'hi again!\r\n>'
INFO:rlundo.termrewrite:numer of lines to rewind 1
INFO:rlundo.termrewrite:read from stdin: '>'
INFO:rlundo.termrewrite:read data: '>'
INFO:tmuxp.server:session rlundotesting exists. killed it.
INFO:rlundo.termrewrite:read data: '>'
INFO:rlundo.termrewrite:full output stack: ['>', '']
INFO:rlundo.termrewrite:read from stdin: 'hello!'
INFO:rlundo.termrewrite:read data: 'hello!'
INFO:rlundo.termrewrite:read from stdin: '\r'
INFO:rlundo.termrewrite:read data: '\r\n'
INFO:rlundo.termrewrite:read data: '>'
INFO:rlundo.termrewrite:full output stack: ['>', 'hello!\r\n>', '']
INFO:rlundo.termrewrite:read from stdin: 'hi again!'
INFO:rlundo.termrewrite:read data: 'hi again!'
INFO:rlundo.termrewrite:read from stdin: '\r'
INFO:rlundo.termrewrite:read data: '\r\n'
INFO:rlundo.termrewrite:read data: '>'
INFO:rlundo.termrewrite:full output stack: ['>', 'hello!\r\n>', 'hi again!\r\n>', '']
INFO:rlundo.termrewrite:lines to rewind: 'hi again!\r\n>'
INFO:rlundo.termrewrite:numer of lines to rewind 1
INFO:rlundo.termrewrite:read from stdin: '>'
INFO:rlundo.termrewrite:read data: '>'
INFO:tmuxp.server:session rlundotesting exists. killed it.
INFO:rlundo.termrewrite:read data: '>'
INFO:rlundo.termrewrite:full output stack: ['>', '']
INFO:rlundo.termrewrite:read from stdin: 'hello!'
INFO:rlundo.termrewrite:read data: 'hello!'
INFO:rlundo.termrewrite:read from stdin: '\r'
INFO:rlundo.termrewrite:read data: '\r\n>'
INFO:rlundo.termrewrite:lines to rewind: 'hello!\r\n>>'
INFO:rlundo.termrewrite:numer of lines to rewind 1
INFO:rlundo.termrewrite:read from stdin: '>'
INFO:rlundo.termrewrite:read data: '>'
INFO:rlundo.termrewrite:read from stdin: ''
INFO:tmuxp.server:session rlundotesting exists. killed it.
INFO:rlundo.termrewrite:read data: '>'
INFO:rlundo.termrewrite:full output stack: ['>', '']
INFO:rlundo.termrewrite:read from stdin: '1'
INFO:rlundo.termrewrite:read data: '1'
INFO:rlundo.termrewrite:read from stdin: '\r'
INFO:rlundo.termrewrite:read data: '\r\n'
INFO:rlundo.termrewrite:read from stdin: '>'
INFO:rlundo.termrewrite:read data: '>'
INFO:rlundo.termrewrite:full output stack: ['>', '1\r\n>', '']
INFO:rlundo.termrewrite:read from stdin: 'x'
INFO:rlundo.termrewrite:read data: 'x'
INFO:rlundo.termrewrite:read from stdin: '\r'
INFO:rlundo.termrewrite:read data: '\r\n'
INFO:rlundo.termrewrite:read from stdin: 'abcde'
INFO:rlundo.termrewrite:read data: 'abcde'
INFO:rlundo.termrewrite:read from stdin: '\r'
INFO:rlundo.termrewrite:read data: '\r\n'
INFO:rlundo.termrewrite:read from stdin: '>'
INFO:rlundo.termrewrite:read data: '>'
INFO:rlundo.termrewrite:full output stack: ['>', '1\r\n>', 'x\r\nabcde\r\n>', '']
INFO:rlundo.termrewrite:read from stdin: '\r'
INFO:rlundo.termrewrite:read data: '\r\n'
INFO:rlundo.termrewrite:read from stdin: 'uc1'
INFO:rlundo.termrewrite:read data: 'uc1'
INFO:rlundo.termrewrite:read from stdin: '\r'
INFO:rlundo.termrewrite:read data: '\r\n'
INFO:rlundo.termrewrite:read data: '\x1bM\x1bM\x08\x08\x08\x08\x08\x08\x08\x08\x08\x08\x08\x08\x08\x08\x08\x08\x08\x08\x08\x08\x1b[C\x1b[J'
INFO:tmuxp.server:session rlundotesting exists. killed it.
INFO:rlundo.termrewrite:read data: '>'
INFO:rlundo.termrewrite:full output stack: ['>', '']
INFO:rlundo.termrewrite:read from stdin: 'a'
INFO:rlundo.termrewrite:read data: 'a'
INFO:rlundo.termrewrite:read from stdin: '\r'
INFO:rlundo.termrewrite:read data: '\r\n'
INFO:rlundo.termrewrite:read from stdin: 'b'
INFO:rlundo.termrewrite:read data: 'b'
INFO:rlundo.termrewrite:read from stdin: '\r'
INFO:rlundo.termrewrite:read data: '\r\n'
INFO:rlundo.termrewrite:read from stdin: 'c'
INFO:rlundo.termrewrite:read data: 'c'
INFO:rlundo.termrewrite:read from stdin: '\r'
INFO:rlundo.termrewrite:read data: '\r\n'
INFO:rlundo.termrewrite:read from stdin: '>'
INFO:rlundo.termrewrite:read data: '>'
INFO:rlundo.termrewrite:full output stack: ['>', 'a\r\nb\r\nc\r\n>', '']
INFO:rlundo.termrewrite:read from stdin: 'd'
INFO:rlundo.termrewrite:read data: 'd'
INFO:rlundo.termrewrite:read from stdin: '\r'
INFO:rlundo.termrewrite:read data: '\r\n'
INFO:rlundo.termrewrite:read from stdin: 'e'
INFO:rlundo.termrewrite:read data: 'e'
INFO:rlundo.termrewrite:read from stdin: '\r'
INFO:rlundo.termrewrite:read data: '\r\n'
INFO:rlundo.termrewrite:read from stdin: '>'
INFO:rlundo.termrewrite:read data: '>'
INFO:rlundo.termrewrite:full output stack: ['>', 'a\r\nb\r\nc\r\n>', 'd\r\ne\r\n>', '']
INFO:rlundo.termrewrite:read from stdin: '\r'
INFO:rlundo.termrewrite:read data: '\r\n'
INFO:rlundo.termrewrite:read from stdin: '\r'
INFO:rlundo.termrewrite:read data: '\r\n'
INFO:rlundo.termrewrite:read from stdin: 'up2'
INFO:rlundo.termrewrite:read data: 'up2'
INFO:rlundo.termrewrite:read from stdin: '\r'
INFO:rlundo.termrewrite:read data: '\r\n\x1bM\x1bM'
INFO:rlundo.termrewrite:read from stdin: 'uc1'
INFO:rlundo.termrewrite:read data: 'uc1'
INFO:rlundo.termrewrite:read from stdin: '\r'
INFO:rlundo.termrewrite:read data: '\r\n\x1bM\x1bM\x08\x08\x08\x08\x08\x08\x08\x08\x08\x08\x08\x08\x08\x08\x08\x08\x08\x08\x08\x08\x1b[C\x1b[J'
INFO:rlundo.termrewrite:read from stdin: ''
INFO:tmuxp.server:session rlundotesting exists. killed it.
INFO:rlundo.termrewrite:read data: '>'
INFO:rlundo.termrewrite:full output stack: ['>', '']
INFO:rlundo.termrewrite:read from stdin: '1'
INFO:rlundo.termrewrite:read data: '1'
INFO:rlundo.termrewrite:read from stdin: '\r'
INFO:rlundo.termrewrite:read data: '\r\n'
INFO:rlundo.termrewrite:read from stdin: '>'
INFO:rlundo.termrewrite:read data: '>'
INFO:rlundo.termrewrite:full output stack: ['>', '1\r\n>', '']
INFO:rlundo.termrewrite:read from stdin: 'stuff'
INFO:rlundo.termrewrite:read data: 'stuff'
INFO:rlundo.termrewrite:read from stdin: '\r'
INFO:rlundo.termrewrite:read data: '\r\n'
INFO:rlundo.termrewrite:read from stdin: 'abcdefghijklmnopq'
INFO:rlundo.termrewrite:read data: 'abcdefghijklmnopq'
INFO:rlundo.termrewrite:read from stdin: '\r'
INFO:rlundo.termrewrite:read data: '\r\n'
INFO:rlundo.termrewrite:read from stdin: '>'
INFO:rlundo.termrewrite:read data: '>'
INFO:rlundo.termrewrite:full output stack: ['>', '1\r\n>', 'stuff\r\nabcdefghijklmnopq\r\n>', '']
INFO:tmuxp.server:session rlundotesting exists. killed it.
INFO:rlundo.termrewrite:read data: '>'
INFO:rlundo.termrewrite:full output stack: ['>', '']
INFO:rlundo.termrewrite:read from stdin: '1 + 1'
INFO:rlundo.termrewrite:read data: '1 + 1'
INFO:rlundo.termrewrite:read from stdin: '\r'
INFO:rlundo.termrewrite:read data: '\r\n'
INFO:rlundo.termrewrite:read from stdin: '2'
INFO:rlundo.termrewrite:read data: '2'
INFO:rlundo.termrewrite:read from stdin: '\r'
INFO:rlundo.termrewrite:read data: '\r\n'
INFO:rlundo.termrewrite:read from stdin: '>'
INFO:rlundo.termrewrite:read data: '>'
INFO:rlundo.termrewrite:full output stack: ['>', '1 + 1\r\n2\r\n>', '']
INFO:rlundo.termrewrite:read from stdin: 'undo'
INFO:rlundo.termrewrite:read data: 'undo'
INFO:rlundo.termrewrite:read from stdin: '\r'
INFO:rlundo.termrewrite:read data: '\r\n'
INFO:rlundo.termrewrite:lines to rewind: 'undo\r\n1 + 1\r\n2\r\n>'
INFO:rlundo.termrewrite:numer of lines to rewind 3
INFO:rlundo.termrewrite:read from stdin: '>'
INFO:rlundo.termrewrite:read data: '>'
INFO:tmuxp.server:session rlundotesting exists. killed it.
INFO:rlundo.termrewrite:read data: '>'
INFO:rlundo.termrewrite:full output stack: ['>', '']
INFO:rlundo.termrewrite:read from stdin: '10.to.11'
INFO:rlundo.termrewrite:read data: '10.to.11'
INFO:rlundo.termrewrite:read from stdin: '\r'
INFO:rlundo.termrewrite:read data: '\r\n'
INFO:rlundo.termrewrite:read from stdin: '10'
INFO:rlundo.termrewrite:read data: '10'
INFO:rlundo.termrewrite:read from stdin: '\r'
INFO:rlundo.termrewrite:read data: '\r\n'
INFO:rlundo.termrewrite:read from stdin: '12'
INFO:rlundo.termrewrite:read data: '12'
INFO:rlundo.termrewrite:read from stdin: '\r'
INFO:rlundo.termrewrite:read data: '\r\n'
INFO:rlundo.termrewrite:read from stdin: '13'
INFO:rlundo.termrewrite:read data: '13'
INFO:rlundo.termrewrite:read from stdin: '\r'
INFO:rlundo.termrewrite:read data: '\r\n'
INFO:rlundo.termrewrite:read from stdin: '>'
INFO:rlundo.termrewrite:read data: '>'
INFO:rlundo.termrewrite:full output stack: ['>', '10.to.11\r\n10\r\n12\r\n13\r\n>', '']
INFO:rlundo.termrewrite:read from stdin: '1.to.1'
INFO:rlundo.termrewrite:read data: '1.to.1'
INFO:rlundo.termrewrite:read from stdin: '\r'
INFO:rlundo.termrewrite:read data: '\r\n'
INFO:rlundo.termrewrite:read from stdin: '1'
INFO:rlundo.termrewrite:read data: '1'
INFO:rlundo.termrewrite:read from stdin: '\r'
INFO:rlundo.termrewrite:read data: '\r\n'
INFO:rlundo.termrewrite:read from stdin: '2'
INFO:rlundo.termrewrite:read data: '2'
INFO:rlundo.termrewrite:read from stdin: '\r'
INFO:rlundo.termrewrite:read data: '\r\n'
INFO:rlundo.termrewrite:read from stdin: '3'
INFO:rlundo.termrewrite:read data: '3'
INFO:rlundo.termrewrite:read from stdin: '\r'
INFO:rlundo.termrewrite:read data: '\r\n'
INFO:rlundo.termrewrite:read from stdin: '4'
INFO:rlundo.termrewrite:read data: '4'
INFO:rlundo.termrewrite:read from stdin: '\r'
INFO:rlundo.termrewrite:read data: '\r\n'
INFO:rlundo.termrewrite:read from stdin: '5'
INFO:rlundo.termrewrite:read data: '5'
INFO:rlundo.termrewrite:read from stdin: '\r'
INFO:rlundo.termrewrite:read data: '\r\n'
INFO:rlundo.termrewrite:read from stdin: '6'
INFO:rlundo.termrewrite:read data: '6'
INFO:rlundo.termrewrite:read from stdin: '\r'
INFO:rlundo.termrewrite:read data: '\r\n'
INFO:rlundo.termrewrite:read from stdin: '>'
INFO:rlundo.termrewrite:read data: '>'
INFO:rlundo.termrewrite:full output stack: ['>', '10.to.11\r\n10\r\n12\r\n13\r\n>', '1.to.1\r\n1\r\n2\r\n3\r\n4\r\n5\r\n6\r\n>', '']
INFO:rlundo.termrewrite:read from stdin: 'undo'
INFO:rlundo.termrewrite:read data: 'undo'
INFO:rlundo.termrewrite:read from stdin: '\r'
INFO:rlundo.termrewrite:read data: '\r\n'
INFO:rlundo.termrewrite:lines to rewind: 'undo\r\n1.to.1\r\n1\r\n2\r\n3\r\n4\r\n5\r\n6\r\n>'
INFO:rlundo.termrewrite:numer of lines to rewind 8
INFO:rlundo.termrewrite:read from stdin: '>'
INFO:rlundo.termrewrite:read data: '>'
INFO:rlundo.termrewrite:read from stdin: ''
INFO:tmuxp.server:session rlundotesting exists. killed it.
INFO:rlundo.termrewrite:read data: '>'
INFO:rlundo.termrewrite:full output stack: ['>', '']
INFO:rlundo.termrewrite:read from stdin: '1'
INFO:rlundo.termrewrite:read data: '1'
INFO:rlundo.termrewrite:read from stdin: '\r'
INFO:rlundo.termrewrite:read data: '\r\n'
INFO:rlundo.termrewrite:read from stdin: '>'
INFO:rlundo.termrewrite:read data: '>'
INFO:rlundo.termrewrite:full output stack: ['>', '1\r\n>', '']
INFO:rlundo.termrewrite:read from stdin: 'stuff'
INFO:rlundo.termrewrite:read data: 'stuff'
INFO:rlundo.termrewrite:read from stdin: '\r'
INFO:rlundo.termrewrite:read data: '\r\n'
INFO:rlundo.termrewrite:read from stdin: 'abcdefghijk'
INFO:rlundo.termrewrite:read data: 'abcdefghijk'
INFO:rlundo.termrewrite:read from stdin: '\r'
INFO:rlundo.termrewrite:read data: '\r\n'
INFO:rlundo.termrewrite:read from stdin: '>'
INFO:rlundo.termrewrite:read data: '>'
INFO:rlundo.termrewrite:full output stack: ['>', '1\r\n>', 'stuff\r\nabcdefghijk\r\n>', '']
INFO:rlundo.termrewrite:read from stdin: '\r'
INFO:rlundo.termrewrite:read data: '\r\n'
INFO:rlundo.termrewrite:lines to rewind: '\r\nstuff\r\nabcdefghijk\r\n>'
INFO:rlundo.termrewrite:numer of lines to rewind 4
INFO:rlundo.termrewrite:read from stdin: '>'
INFO:rlundo.termrewrite:read data: '>'
INFO:tmuxp.server:session rlundotesting exists. killed it.
INFO:rlundo.termrewrite:read data: '>'
INFO:rlundo.termrewrite:full output stack: ['>', '']
INFO:rlundo.termrewrite:read from stdin: '1'
INFO:rlundo.termrewrite:read data: '1'
INFO:rlundo.termrewrite:read from stdin: '\r'
INFO:rlundo.termrewrite:read data: '\r\n'
INFO:rlundo.termrewrite:read from stdin: '>'
INFO:rlundo.termrewrite:read data: '>'
INFO:rlundo.termrewrite:full output stack: ['>', '1\r\n>', '']
INFO:rlundo.termrewrite:read from stdin: 'stuff'
INFO:rlundo.termrewrite:read data: 'stuff'
INFO:rlundo.termrewrite:read from stdin: '\r'
INFO:rlundo.termrewrite:read data: '\r\n'
INFO:rlundo.termrewrite:read from stdin: 'abcdefghijklmnopq'
INFO:rlundo.termrewrite:read data: 'abcdefghijklmnopq'
INFO:rlundo.termrewrite:read from stdin: '\r'
INFO:rlundo.termrewrite:read data: '\r\n'
INFO:rlundo.termrewrite:read from stdin: '>'
INFO:rlundo.termrewrite:read data: '>'
INFO:rlundo.termrewrite:full output stack: ['>', '1\r\n>', 'stuff\r\nabcdefghijklmnopq\r\n>', '']
INFO:rlundo.termrewrite:lines to rewind: 'stuff\r\nabcdefghijklmnopq\r\n>'
INFO:rlundo.termrewrite:numer of lines to rewind 4
INFO:rlundo.termrewrite:read from stdin: '>'
INFO:rlundo.termrewrite:read data: '>'
INFO:rlundo.termrewrite:read from stdin: ''
INFO:tmuxp.server:session rlundotesting exists. killed it.
INFO:rlundo.termrewrite:read data: '>'
INFO:rlundo.termrewrite:full output stack: ['>', '']
INFO:rlundo.termrewrite:read from stdin: 'a'
INFO:rlundo.termrewrite:read data: 'a'
INFO:rlundo.termrewrite:read from stdin: '\r'
INFO:rlundo.termrewrite:read data: '\r\n'
INFO:rlundo.termrewrite:read from stdin: 'b'
INFO:rlundo.termrewrite:read data: 'b'
INFO:rlundo.termrewrite:read from stdin: '\r'
INFO:rlundo.termrewrite:read data: '\r\n'
INFO:rlundo.termrewrite:read from stdin: 'c'
INFO:rlundo.termrewrite:read data: 'c'
INFO:rlundo.termrewrite:read from stdin: '\r'
INFO:rlundo.termrewrite:read data: '\r\n'
INFO:rlundo.termrewrite:read from stdin: '>'
INFO:rlundo.termrewrite:read data: '>'
INFO:rlundo.termrewrite:full output stack: ['>', 'a\r\nb\r\nc\r\n>', '']
INFO:rlundo.termrewrite:read from stdin: 'd'
INFO:rlundo.termrewrite:read data: 'd'
INFO:rlundo.termrewrite:read from stdin: '\r'
INFO:rlundo.termrewrite:read data: '\r\n'
INFO:rlundo.termrewrite:read from stdin: 'e'
INFO:rlundo.termrewrite:read data: 'e'
INFO:rlundo.termrewrite:read from stdin: '\r'
INFO:rlundo.termrewrite:read data: '\r\n'
INFO:rlundo.termrewrite:read from stdin: '>'
INFO:rlundo.termrewrite:read data: '>'
INFO:rlundo.termrewrite:full output stack: ['>', 'a\r\nb\r\nc\r\n>', 'd\r\ne\r\n>', '']
INFO:rlundo.termrewrite:read from stdin: '\r'
INFO:rlundo.termrewrite:read data: '\r\n'
INFO:rlundo.termrewrite:read from stdin: '\r'
INFO:rlundo.termrewrite:read data: '\r\n'
INFO:rlundo.termrewrite:read from stdin: 'up2'
INFO:rlundo.termrewrite:read data: 'up2'
INFO:rlundo.termrewrite:read from stdin: '\r'
INFO:rlundo.termrewrite:read data: '\r\n\x1bM\x1bM'
INFO:rlundo.termrewrite:read from stdin: 'uc1'
INFO:rlundo.termrewrite:read data: 'uc1'
INFO:rlundo.termrewrite:read from stdin: '\r'
INFO:rlundo.termrewrite:read data: '\r\n\x1bM\x1bM\x08\x08\x08\x08\x08\x08\x08\x08\x08\x08\x08\x08\x08\x08\x08\x08\x08\x08\x08\x08\x1b[C\x1b[J'
INFO:rlundo.termrewrite:read from stdin: ''
INFO:tmuxp.server:session rlundotesting exists. killed it.
INFO:rlundo.termrewrite:read data: 'Python 2.7.6 (default, Jun 22 2015, 17:58:13) \r\nType "copyright", "credits" or "license" for more information.\r\n\r\nIPython 3.1.0 -- An enhanced Interactive Python.\r\n?         -> Introduction and overview of IPython\'s features.\r\n%quickref -> Quick reference.\r\nhelp      -> Python\'s own help system.\r\nobject?   -> Details about \'object\', use \'object??\' for extra details.\r\n'
INFO:rlundo.termrewrite:full output stack: ['Python 2.7.6 (default, Jun 22 2015, 17:58:13) \r\nType "copyright", "credits" or "license" for more information.\r\n\r\nIPython 3.1.0 -- An enhanced Interactive Python.\r\n?         -> Introduction and overview of IPython\'s features.\r\n%quickref -> Quick reference.\r\nhelp      -> Python\'s own help system.\r\nobject?   -> Details about \'object\', use \'object??\' for extra details.\r\n', '']
INFO:rlundo.termrewrite:read data: '\r\n\x1b[0;32mIn [\x1b[1;32m1\x1b[0;32m]: \x1b[0m'
INFO:rlundo.termrewrite:read from stdin: 'a = 1'
INFO:rlundo.termrewrite:read data: 'a = 1'
INFO:rlundo.termrewrite:read from stdin: '\r'
INFO:rlundo.termrewrite:read data: '\r\n'
INFO:rlundo.termrewrite:full output stack: ['Python 2.7.6 (default, Jun 22 2015, 17:58:13) \r\nType "copyright", "credits" or "license" for more information.\r\n\r\nIPython 3.1.0 -- An enhanced Interactive Python.\r\n?         -> Introduction and overview of IPython\'s features.\r\n%quickref -> Quick reference.\r\nhelp      -> Python\'s own help system.\r\nobject?   -> Details about \'object\', use \'object??\' for extra details.\r\n', '\r\n\x1b[0;32mIn [\x1b[1;32m1\x1b[0;32m]: \x1b[0ma = 1\r\n', '']
INFO:rlundo.termrewrite:read data: '\r\n\x1b[0;32mIn [\x1b[1;32m2\x1b[0;32m]: \x1b[0m'
INFO:rlundo.termrewrite:read from stdin: 'a'
INFO:rlundo.termrewrite:read data: 'a'
INFO:rlundo.termrewrite:read from stdin: '\r'
INFO:rlundo.termrewrite:read data: '\r\n'
INFO:rlundo.termrewrite:read data: '\x1b[0;31mOut[\x1b[1;31m2\x1b[0;31m]: \x1b[0m1\r\n'
INFO:rlundo.termrewrite:full output stack: ['Python 2.7.6 (default, Jun 22 2015, 17:58:13) \r\nType "copyright", "credits" or "license" for more information.\r\n\r\nIPython 3.1.0 -- An enhanced Interactive Python.\r\n?         -> Introduction and overview of IPython\'s features.\r\n%quickref -> Quick reference.\r\nhelp      -> Python\'s own help system.\r\nobject?   -> Details about \'object\', use \'object??\' for extra details.\r\n', '\r\n\x1b[0;32mIn [\x1b[1;32m1\x1b[0;32m]: \x1b[0ma = 1\r\n', '\r\n\x1b[0;32mIn [\x1b[1;32m2\x1b[0;32m]: \x1b[0ma\r\n\x1b[0;31mOut[\x1b[1;31m2\x1b[0;31m]: \x1b[0m1\r\n', '']
INFO:rlundo.termrewrite:read data: '\r\n\x1b[0;32mIn [\x1b[1;32m3\x1b[0;32m]: \x1b[0m'
INFO:rlundo.termrewrite:read from stdin: 'def foo():'
INFO:rlundo.termrewrite:read data: 'def'
INFO:rlundo.termrewrite:read data: ' foo():'
INFO:rlundo.termrewrite:read from stdin: '\r'
INFO:rlundo.termrewrite:read data: '\r\n'
INFO:rlundo.termrewrite:full output stack: ['Python 2.7.6 (default, Jun 22 2015, 17:58:13) \r\nType "copyright", "credits" or "license" for more information.\r\n\r\nIPython 3.1.0 -- An enhanced Interactive Python.\r\n?         -> Introduction and overview of IPython\'s features.\r\n%quickref -> Quick reference.\r\nhelp      -> Python\'s own help system.\r\nobject?   -> Details about \'object\', use \'object??\' for extra details.\r\n', '\r\n\x1b[0;32mIn [\x1b[1;32m1\x1b[0;32m]: \x1b[0ma = 1\r\n', '\r\n\x1b[0;32mIn [\x1b[1;32m2\x1b[0;32m]: \x1b[0ma\r\n\x1b[0;31mOut[\x1b[1;31m2\x1b[0;31m]: \x1b[0m1\r\n', '\r\n\x1b[0;32mIn [\x1b[1;32m3\x1b[0;32m]: \x1b[0mdef foo():\r\n', '']
INFO:rlundo.termrewrite:read data: '\x1b[0;32m   ...: \x1b[0m    '
INFO:rlundo.termrewrite:read from stdin: 'print "hi"'
INFO:rlundo.termrewrite:read data: 'pr'
INFO:rlundo.termrewrite:read data: 'int "hi"'
INFO:rlundo.termrewrite:read from stdin: '\r'
INFO:rlundo.termrewrite:read data: '\r\n'
INFO:rlundo.termrewrite:full output stack: ['Python 2.7.6 (default, Jun 22 2015, 17:58:13) \r\nType "copyright", "credits" or "license" for more information.\r\n\r\nIPython 3.1.0 -- An enhanced Interactive Python.\r\n?         -> Introduction and overview of IPython\'s features.\r\n%quickref -> Quick reference.\r\nhelp      -> Python\'s own help system.\r\nobject?   -> Details about \'object\', use \'object??\' for extra details.\r\n', '\r\n\x1b[0;32mIn [\x1b[1;32m1\x1b[0;32m]: \x1b[0ma = 1\r\n', '\r\n\x1b[0;32mIn [\x1b[1;32m2\x1b[0;32m]: \x1b[0ma\r\n\x1b[0;31mOut[\x1b[1;31m2\x1b[0;31m]: \x1b[0m1\r\n', '\r\n\x1b[0;32mIn [\x1b[1;32m3\x1b[0;32m]: \x1b[0mdef foo():\r\n', '\x1b[0;32m   ...: \x1b[0m    print "hi"\r\n', '']
INFO:rlundo.termrewrite:read data: '\x1b[0;32m   ...: \x1b[0m    '
INFO:rlundo.termrewrite:read from stdin: ' '
INFO:rlundo.termrewrite:read data: ' '
INFO:rlundo.termrewrite:read from stdin: '\r'
INFO:rlundo.termrewrite:read data: '\r\n'
INFO:rlundo.termrewrite:full output stack: ['Python 2.7.6 (default, Jun 22 2015, 17:58:13) \r\nType "copyright", "credits" or "license" for more information.\r\n\r\nIPython 3.1.0 -- An enhanced Interactive Python.\r\n?         -> Introduction and overview of IPython\'s features.\r\n%quickref -> Quick reference.\r\nhelp      -> Python\'s own help system.\r\nobject?   -> Details about \'object\', use \'object??\' for extra details.\r\n', '\r\n\x1b[0;32mIn [\x1b[1;32m1\x1b[0;32m]: \x1b[0ma = 1\r\n', '\r\n\x1b[0;32mIn [\x1b[1;32m2\x1b[0;32m]: \x1b[0ma\r\n\x1b[0;31mOut[\x1b[1;31m2\x1b[0;31m]: \x1b[0m1\r\n', '\r\n\x1b[0;32mIn [\x1b[1;32m3\x1b[0;32m]: \x1b[0mdef foo():\r\n', '\x1b[0;32m   ...: \x1b[0m    print "hi"\r\n', '\x1b[0;32m   ...: \x1b[0m     \r\n', '']
INFO:rlundo.termrewrite:read data: '\r\n\x1b[0;32mIn [\x1b[1;32m4\x1b[0;32m]: \x1b[0m'
INFO:rlundo.termrewrite:read from stdin: ''
INFO:tmuxp.server:session rlundotesting exists. killed it.
INFO:rlundo.termrewrite:read data: 'Python 2.7.6 (default, Jun 22 2015, 17:58:13) \r\nType "copyright", "credits" or "license" for more information.\r\n\r\nIPython 3.1.0 -- An enhanced Interactive Python.\r\n?         -> Introduction and overview of IPython\'s features.\r\n%quickref -> Quick reference.\r\nhelp      -> Python\'s own help system.\r\nobject?   -> Details about \'object\', use \'object??\' for extra details.\r\n'
INFO:rlundo.termrewrite:full output stack: ['Python 2.7.6 (default, Jun 22 2015, 17:58:13) \r\nType "copyright", "credits" or "license" for more information.\r\n\r\nIPython 3.1.0 -- An enhanced Interactive Python.\r\n?         -> Introduction and overview of IPython\'s features.\r\n%quickref -> Quick reference.\r\nhelp      -> Python\'s own help system.\r\nobject?   -> Details about \'object\', use \'object??\' for extra details.\r\n', '']
INFO:rlundo.termrewrite:read data: '\r\n\x1b[0;32mIn [\x1b[1;32m1\x1b[0;32m]: \x1b[0m'
INFO:rlundo.termrewrite:read from stdin: 'def foo():'
INFO:rlundo.termrewrite:read data: 'de'
INFO:rlundo.termrewrite:read data: 'f foo():'
INFO:rlundo.termrewrite:read from stdin: '\r'
INFO:rlundo.termrewrite:read data: '\r\n'
INFO:rlundo.termrewrite:full output stack: ['Python 2.7.6 (default, Jun 22 2015, 17:58:13) \r\nType "copyright", "credits" or "license" for more information.\r\n\r\nIPython 3.1.0 -- An enhanced Interactive Python.\r\n?         -> Introduction and overview of IPython\'s features.\r\n%quickref -> Quick reference.\r\nhelp      -> Python\'s own help system.\r\nobject?   -> Details about \'object\', use \'object??\' for extra details.\r\n', '\r\n\x1b[0;32mIn [\x1b[1;32m1\x1b[0;32m]: \x1b[0mdef foo():\r\n', '']
INFO:rlundo.termrewrite:read data: '\x1b[0;32m   ...: \x1b[0m    '
INFO:rlundo.termrewrite:read from stdin: 'print "hi"'
INFO:rlundo.termrewrite:read data: 'pri'
INFO:rlundo.termrewrite:read data: 'nt "hi"'
INFO:rlundo.termrewrite:read from stdin: '\r'
INFO:rlundo.termrewrite:read data: '\r\n'
INFO:rlundo.termrewrite:full output stack: ['Python 2.7.6 (default, Jun 22 2015, 17:58:13) \r\nType "copyright", "credits" or "license" for more information.\r\n\r\nIPython 3.1.0 -- An enhanced Interactive Python.\r\n?         -> Introduction and overview of IPython\'s features.\r\n%quickref -> Quick reference.\r\nhelp      -> Python\'s own help system.\r\nobject?   -> Details about \'object\', use \'object??\' for extra details.\r\n', '\r\n\x1b[0;32mIn [\x1b[1;32m1\x1b[0;32m]: \x1b[0mdef foo():\r\n', '\x1b[0;32m   ...: \x1b[0m    print "hi"\r\n', '']
INFO:rlundo.termrewrite:read data: '\x1b[0;32m   ...: \x1b[0m    '
INFO:rlundo.termrewrite:read from stdin: ' '
INFO:rlundo.termrewrite:read data: ' '
INFO:rlundo.termrewrite:read from stdin: '\r'
INFO:rlundo.termrewrite:read data: '\r\n'
INFO:rlundo.termrewrite:full output stack: ['Python 2.7.6 (default, Jun 22 2015, 17:58:13) \r\nType "copyright", "credits" or "license" for more information.\r\n\r\nIPython 3.1.0 -- An enhanced Interactive Python.\r\n?         -> Introduction and overview of IPython\'s features.\r\n%quickref -> Quick reference.\r\nhelp      -> Python\'s own help system.\r\nobject?   -> Details about \'object\', use \'object??\' for extra details.\r\n', '\r\n\x1b[0;32mIn [\x1b[1;32m1\x1b[0;32m]: \x1b[0mdef foo():\r\n', '\x1b[0;32m   ...: \x1b[0m    print "hi"\r\n', '\x1b[0;32m   ...: \x1b[0m     \r\n', '']
INFO:rlundo.termrewrite:read data: '\r\n\x1b[0;32mIn [\x1b[1;32m2\x1b[0;32m]: \x1b[0m'
INFO:rlundo.termrewrite:read from stdin: 'foo()'
INFO:rlundo.termrewrite:read data: 'foo'
INFO:rlundo.termrewrite:read data: '()'
INFO:rlundo.termrewrite:read from stdin: '\r'
INFO:rlundo.termrewrite:read data: '\r\n'
INFO:rlundo.termrewrite:read data: 'hi\r\n'
INFO:rlundo.termrewrite:full output stack: ['Python 2.7.6 (default, Jun 22 2015, 17:58:13) \r\nType "copyright", "credits" or "license" for more information.\r\n\r\nIPython 3.1.0 -- An enhanced Interactive Python.\r\n?         -> Introduction and overview of IPython\'s features.\r\n%quickref -> Quick reference.\r\nhelp      -> Python\'s own help system.\r\nobject?   -> Details about \'object\', use \'object??\' for extra details.\r\n', '\r\n\x1b[0;32mIn [\x1b[1;32m1\x1b[0;32m]: \x1b[0mdef foo():\r\n', '\x1b[0;32m   ...: \x1b[0m    print "hi"\r\n', '\x1b[0;32m   ...: \x1b[0m     \r\n', '\r\n\x1b[0;32mIn [\x1b[1;32m2\x1b[0;32m]: \x1b[0mfoo()\r\nhi\r\n', '']
INFO:rlundo.termrewrite:read data: '\r\n\x1b[0;32mIn [\x1b[1;32m3\x1b[0;32m]: \x1b[0m'
INFO:rlundo.termrewrite:read from stdin: 'undo'
INFO:rlundo.termrewrite:read data: 'un'
INFO:rlundo.termrewrite:read data: 'do'
INFO:rlundo.termrewrite:read from stdin: '\r'
INFO:rlundo.termrewrite:read data: '\r\n'
INFO:rlundo.termrewrite:lines to rewind: '\r\n\x1b[0;32mIn [\x1b[1;32m3\x1b[0;32m]: \x1b[0mundo\r\n\r\n\x1b[0;32mIn [\x1b[1;32m2\x1b[0;32m]: \x1b[0mfoo()\r\nhi\r\n'
INFO:rlundo.termrewrite:numer of lines to rewind 5
INFO:rlundo.termrewrite:full output stack: ['Python 2.7.6 (default, Jun 22 2015, 17:58:13) \r\nType "copyright", "credits" or "license" for more information.\r\n\r\nIPython 3.1.0 -- An enhanced Interactive Python.\r\n?         -> Introduction and overview of IPython\'s features.\r\n%quickref -> Quick reference.\r\nhelp      -> Python\'s own help system.\r\nobject?   -> Details about \'object\', use \'object??\' for extra details.\r\n', '\r\n\x1b[0;32mIn [\x1b[1;32m1\x1b[0;32m]: \x1b[0mdef foo():\r\n', '\x1b[0;32m   ...: \x1b[0m    print "hi"\r\n', '\x1b[0;32m   ...: \x1b[0m     \r\n', '']
INFO:rlundo.termrewrite:read data: '\r\n\x1b[0;32mIn [\x1b[1;32m2\x1b[0;32m]: \x1b[0m'
INFO:rlundo.termrewrite:read from stdin: 'undo'
INFO:rlundo.termrewrite:read data: 'und'
INFO:rlundo.termrewrite:read data: 'o'
INFO:rlundo.termrewrite:read from stdin: '\r'
INFO:rlundo.termrewrite:read data: '\r\n'
INFO:rlundo.termrewrite:lines to rewind: '\r\n\x1b[0;32mIn [\x1b[1;32m2\x1b[0;32m]: \x1b[0mundo\r\n\x1b[0;32m   ...: \x1b[0m     \r\n'
INFO:rlundo.termrewrite:numer of lines to rewind 3
INFO:rlundo.termrewrite:full output stack: ['Python 2.7.6 (default, Jun 22 2015, 17:58:13) \r\nType "copyright", "credits" or "license" for more information.\r\n\r\nIPython 3.1.0 -- An enhanced Interactive Python.\r\n?         -> Introduction and overview of IPython\'s features.\r\n%quickref -> Quick reference.\r\nhelp      -> Python\'s own help system.\r\nobject?   -> Details about \'object\', use \'object??\' for extra details.\r\n', '\r\n\x1b[0;32mIn [\x1b[1;32m1\x1b[0;32m]: \x1b[0mdef foo():\r\n', '\x1b[0;32m   ...: \x1b[0m    print "hi"\r\n', '']
INFO:rlundo.termrewrite:read data: '\x1b[0;32m   ...: \x1b[0m    '
INFO:rlundo.termrewrite:read from stdin: ''
INFO:tmuxp.server:session rlundotesting exists. killed it.
INFO:rlundo.termrewrite:read data: 'Python 2.7.6 (default, Jun 22 2015, 17:58:13) \r\nType "copyright", "credits" or "license" for more information.\r\n\r\nIPython 3.1.0 -- An enhanced Interactive Python.\r\n?         -> Introduction and overview of IPython\'s features.\r\n%quickref -> Quick reference.\r\nhelp      -> Python\'s own help system.\r\nobject?   -> Details about \'object\', use \'object??\' for extra details.\r\n'
INFO:rlundo.termrewrite:full output stack: ['Python 2.7.6 (default, Jun 22 2015, 17:58:13) \r\nType "copyright", "credits" or "license" for more information.\r\n\r\nIPython 3.1.0 -- An enhanced Interactive Python.\r\n?         -> Introduction and overview of IPython\'s features.\r\n%quickref -> Quick reference.\r\nhelp      -> Python\'s own help system.\r\nobject?   -> Details about \'object\', use \'object??\' for extra details.\r\n', '']
INFO:rlundo.termrewrite:read data: '\r\n\x1b[0;32mIn [\x1b[1;32m1\x1b[0;32m]: \x1b[0m'
INFO:rlundo.termrewrite:read from stdin: 'a = 1'
INFO:rlundo.termrewrite:read data: 'a '
INFO:rlundo.termrewrite:read data: '= 1'
INFO:rlundo.termrewrite:read from stdin: '\r'
INFO:rlundo.termrewrite:read data: '\r\n'
INFO:rlundo.termrewrite:full output stack: ['Python 2.7.6 (default, Jun 22 2015, 17:58:13) \r\nType "copyright", "credits" or "license" for more information.\r\n\r\nIPython 3.1.0 -- An enhanced Interactive Python.\r\n?         -> Introduction and overview of IPython\'s features.\r\n%quickref -> Quick reference.\r\nhelp      -> Python\'s own help system.\r\nobject?   -> Details about \'object\', use \'object??\' for extra details.\r\n', '\r\n\x1b[0;32mIn [\x1b[1;32m1\x1b[0;32m]: \x1b[0ma = 1\r\n', '']
INFO:rlundo.termrewrite:read data: '\r\n\x1b[0;32mIn [\x1b[1;32m2\x1b[0;32m]: \x1b[0m'
INFO:rlundo.termrewrite:read from stdin: 'a'
INFO:rlundo.termrewrite:read data: 'a'
INFO:rlundo.termrewrite:read from stdin: '\r'
INFO:rlundo.termrewrite:read data: '\r\n'
INFO:rlundo.termrewrite:read data: '\x1b[0;31mOut[\x1b[1;31m2\x1b[0;31m]: \x1b[0m1\r\n'
INFO:rlundo.termrewrite:full output stack: ['Python 2.7.6 (default, Jun 22 2015, 17:58:13) \r\nType "copyright", "credits" or "license" for more information.\r\n\r\nIPython 3.1.0 -- An enhanced Interactive Python.\r\n?         -> Introduction and overview of IPython\'s features.\r\n%quickref -> Quick reference.\r\nhelp      -> Python\'s own help system.\r\nobject?   -> Details about \'object\', use \'object??\' for extra details.\r\n', '\r\n\x1b[0;32mIn [\x1b[1;32m1\x1b[0;32m]: \x1b[0ma = 1\r\n', '\r\n\x1b[0;32mIn [\x1b[1;32m2\x1b[0;32m]: \x1b[0ma\r\n\x1b[0;31mOut[\x1b[1;31m2\x1b[0;31m]: \x1b[0m1\r\n', '']
INFO:rlundo.termrewrite:read data: '\r\n\x1b[0;32mIn [\x1b[1;32m3\x1b[0;32m]: \x1b[0m'
INFO:rlundo.termrewrite:read from stdin: 'undo'
INFO:rlundo.termrewrite:read data: 'un'
INFO:rlundo.termrewrite:read data: 'do'
INFO:rlundo.termrewrite:read from stdin: '\r'
INFO:rlundo.termrewrite:read data: '\r\n'
INFO:rlundo.termrewrite:lines to rewind: '\r\n\x1b[0;32mIn [\x1b[1;32m3\x1b[0;32m]: \x1b[0mundo\r\n\r\n\x1b[0;32mIn [\x1b[1;32m2\x1b[0;32m]: \x1b[0ma\r\n\x1b[0;31mOut[\x1b[1;31m2\x1b[0;31m]: \x1b[0m1\r\n'
INFO:rlundo.termrewrite:numer of lines to rewind 5
INFO:rlundo.termrewrite:full output stack: ['Python 2.7.6 (default, Jun 22 2015, 17:58:13) \r\nType "copyright", "credits" or "license" for more information.\r\n\r\nIPython 3.1.0 -- An enhanced Interactive Python.\r\n?         -> Introduction and overview of IPython\'s features.\r\n%quickref -> Quick reference.\r\nhelp      -> Python\'s own help system.\r\nobject?   -> Details about \'object\', use \'object??\' for extra details.\r\n', '\r\n\x1b[0;32mIn [\x1b[1;32m1\x1b[0;32m]: \x1b[0ma = 1\r\n', '']
INFO:rlundo.termrewrite:read data: '\r\n\x1b[0;32mIn [\x1b[1;32m2\x1b[0;32m]: \x1b[0m'
INFO:rlundo.termrewrite:read from stdin: ''
INFO:tmuxp.server:session rlundotesting exists. killed it.
INFO:tmuxp.server:session rlundotesting exists. killed it.
INFO:tmuxp.server:session rlundotesting exists. killed it.
INFO:tmuxp.server:session rlundotesting exists. killed it.
INFO:tmuxp.server:session rlundotesting exists. killed it.
INFO:tmuxp.server:session rlundotesting exists. killed it.
INFO:tmuxp.server:session rlundotesting exists. killed it.
INFO:tmuxp.server:session rlundotesting exists. killed it.
INFO:tmuxp.server:session rlundotesting exists. killed it.
INFO:tmuxp.server:session rlundotesting exists. killed it.
